<?xml version="1.0" encoding="UTF-8"?>
<robot generator="Robot 4.1.1 (Python 3.10.0 on win32)" generated="20211019 21:11:50.126" rpa="false" schemaversion="2">
<suite id="s1" name="Shopping Cart" source="C:\Users\dariu\PycharmProjects\shop_webinar\tests\shopping_cart.robot">
<kw name="Prepare Env" type="SETUP">
<kw name="Set Selenium Speed" library="SeleniumLibrary">
<arg>0.5</arg>
<doc>Sets the delay that is waited after each Selenium command.</doc>
<status status="PASS" starttime="20211019 21:11:50.345" endtime="20211019 21:11:50.345"/>
</kw>
<kw name="Set Screenshot Directory" library="SeleniumLibrary">
<arg>screenshots</arg>
<doc>Sets the directory for captured screenshots.</doc>
<status status="PASS" starttime="20211019 21:11:50.345" endtime="20211019 21:11:50.346"/>
</kw>
<status status="PASS" starttime="20211019 21:11:50.345" endtime="20211019 21:11:50.346"/>
</kw>
<test id="s1-t1" name="Adding Product To Shopping Cart Should Increase Products Amount">
<kw name="Open Shop Webpage" type="SETUP">
<kw name="Open Browser" library="SeleniumLibrary">
<arg>http://automationpractice.com/index.php</arg>
<arg>chrome</arg>
<doc>Opens a new browser instance to the optional ``url``.</doc>
<msg timestamp="20211019 21:11:50.347" level="INFO">Opening browser 'chrome' to base url 'http://automationpractice.com/index.php'.</msg>
<status status="PASS" starttime="20211019 21:11:50.347" endtime="20211019 21:12:04.723"/>
</kw>
<kw name="Maximize Browser Window" library="SeleniumLibrary">
<doc>Maximizes current browser window.</doc>
<status status="PASS" starttime="20211019 21:12:04.724" endtime="20211019 21:12:05.377"/>
</kw>
<status status="PASS" starttime="20211019 21:11:50.347" endtime="20211019 21:12:05.379"/>
</kw>
<kw name="Check If Shopping Cart Is Empty">
<kw name="Wait Until Element Contains" library="SeleniumLibrary">
<arg>${CART_ITEMS_AMOUNT}</arg>
<arg>(empty)</arg>
<doc>Waits until the element ``locator`` contains ``text``.</doc>
<status status="PASS" starttime="20211019 21:12:05.383" endtime="20211019 21:12:06.497"/>
</kw>
<status status="PASS" starttime="20211019 21:12:05.381" endtime="20211019 21:12:06.499"/>
</kw>
<kw name="Close Browser" library="SeleniumLibrary" type="TEARDOWN">
<doc>Closes the current browser.</doc>
<status status="PASS" starttime="20211019 21:12:06.502" endtime="20211019 21:12:09.119"/>
</kw>
<status status="PASS" starttime="20211019 21:11:50.346" endtime="20211019 21:12:09.122"/>
</test>
<doc>Automated tests for shopping cart functionality</doc>
<status status="PASS" starttime="20211019 21:11:50.127" endtime="20211019 21:12:09.130"/>
</suite>
<statistics>
<total>
<stat pass="1" fail="0" skip="0">All Tests</stat>
</total>
<tag>
</tag>
<suite>
<stat pass="1" fail="0" skip="0" id="s1" name="Shopping Cart">Shopping Cart</stat>
</suite>
</statistics>
<errors>
</errors>
</robot>
